# JRE version: Java(TM) SE Runtime Environment (20.0.1+9) (build 20.0.1+9-29)
# Java VM: Java HotSpot(TM) 64-Bit Server VM (20.0.1+9-29, mixed mode, emulated-client, sharing, tiered, compressed oops, compressed class ptrs, g1 gc, windows-amd64)
GC Precious Log:
 CardTable entry size: 512
 Card Set container configuration: InlinePtr #cards 5 size 8 Array Of Cards #cards 12 size 40 Howl #buckets 4 coarsen threshold 1843 Howl Bitmap #cards 512 size 80 coarsen threshold 460 Card regions per heap region 1 cards per card region 2048
 CPUs: 4 total, 4 available
 Memory: 3778M
 Large Page Support: Disabled
 NUMA Support: Disabled
 Compressed Oops: Enabled (32-bit)
 Heap Region Size: 1M
 Heap Min Capacity: 8M
 Heap Initial Capacity: 60M
 Heap Max Capacity: 946M
 Pre-touch: Disabled
 Parallel Workers: 4
 Concurrent Workers: 1
 Concurrent Refinement Workers: 4
 Periodic GC: Disabled
Heap:
 garbage-first heap   total 55296K, used 19302K [0x00000000c4e00000, 0x0000000100000000)
  region size 1024K, 3 young (3072K), 2 survivors (2048K)
 Metaspace       used 31042K, committed 31616K, reserved 1114112K
  class space    used 4226K, committed 4480K, reserved 1048576K
GC Heap History (14 events):
Event: 1.025 GC heap before
{Heap before GC invocations=0 (full 0):
 garbage-first heap   total 61440K, used 13312K [0x00000000c4e00000, 0x0000000100000000)
  region size 1024K, 13 young (13312K), 0 survivors (0K)
 Metaspace       used 4528K, committed 4736K, reserved 1114112K
  class space    used 542K, committed 640K, reserved 1048576K
}
Event: 1.031 GC heap after
{Heap after GC invocations=1 (full 0):
 garbage-first heap   total 61440K, used 6208K [0x00000000c4e00000, 0x0000000100000000)
  region size 1024K, 2 young (2048K), 2 survivors (2048K)
 Metaspace       used 4528K, committed 4736K, reserved 1114112K
  class space    used 542K, committed 640K, reserved 1048576K
}
Event: 1.450 GC heap before
{Heap before GC invocations=1 (full 0):
 garbage-first heap   total 61440K, used 19520K [0x00000000c4e00000, 0x0000000100000000)
  region size 1024K, 15 young (15360K), 2 survivors (2048K)
 Metaspace       used 8655K, committed 8896K, reserved 1114112K
  class space    used 1090K, committed 1216K, reserved 1048576K
}
Event: 1.462 GC heap after
{Heap after GC invocations=2 (full 0):
 garbage-first heap   total 61440K, used 7833K [0x00000000c4e00000, 0x0000000100000000)
  region size 1024K, 2 young (2048K), 2 survivors (2048K)
 Metaspace       used 8655K, committed 8896K, reserved 1114112K
  class space    used 1090K, committed 1216K, reserved 1048576K
}
Event: 2.408 GC heap before
{Heap before GC invocations=2 (full 0):
 garbage-first heap   total 61440K, used 34457K [0x00000000c4e00000, 0x0000000100000000)
  region size 1024K, 28 young (28672K), 2 survivors (2048K)
 Metaspace       used 14924K, committed 15232K, reserved 1114112K
  class space    used 1911K, committed 2048K, reserved 1048576K
}
Event: 2.415 GC heap after
{Heap after GC invocations=3 (full 0):
 garbage-first heap   total 61440K, used 10215K [0x00000000c4e00000, 0x0000000100000000)
  region size 1024K, 4 young (4096K), 4 survivors (4096K)
 Metaspace       used 14924K, committed 15232K, reserved 1114112K
  class space    used 1911K, committed 2048K, reserved 1048576K
}
Event: 3.655 GC heap before
{Heap before GC invocations=3 (full 0):
 garbage-first heap   total 61440K, used 41959K [0x00000000c4e00000, 0x0000000100000000)
  region size 1024K, 35 young (35840K), 4 survivors (4096K)
 Metaspace       used 19857K, committed 20160K, reserved 1114112K
  class space    used 2593K, committed 2752K, reserved 1048576K
}
Event: 3.672 GC heap after
{Heap after GC invocations=4 (full 0):
 garbage-first heap   total 61440K, used 13227K [0x00000000c4e00000, 0x0000000100000000)
  region size 1024K, 5 young (5120K), 5 survivors (5120K)
 Metaspace       used 19857K, committed 20160K, reserved 1114112K
  class space    used 2593K, committed 2752K, reserved 1048576K
}
Event: 4.186 GC heap before
{Heap before GC invocations=4 (full 0):
 garbage-first heap   total 61440K, used 22443K [0x00000000c4e00000, 0x0000000100000000)
  region size 1024K, 15 young (15360K), 5 survivors (5120K)
 Metaspace       used 21208K, committed 21504K, reserved 1114112K
  class space    used 2784K, committed 2944K, reserved 1048576K
}
Event: 4.198 GC heap after
{Heap after GC invocations=5 (full 0):
 garbage-first heap   total 61440K, used 14598K [0x00000000c4e00000, 0x0000000100000000)
  region size 1024K, 1 young (1024K), 1 survivors (1024K)
 Metaspace       used 21208K, committed 21504K, reserved 1114112K
  class space    used 2784K, committed 2944K, reserved 1048576K
}
Event: 5.667 GC heap before
{Heap before GC invocations=6 (full 0):
 garbage-first heap   total 55296K, used 46342K [0x00000000c4e00000, 0x0000000100000000)
  region size 1024K, 32 young (32768K), 1 survivors (1024K)
 Metaspace       used 26228K, committed 26816K, reserved 1114112K
  class space    used 3608K, committed 3904K, reserved 1048576K
}
Event: 5.678 GC heap after
{Heap after GC invocations=7 (full 0):
 garbage-first heap   total 55296K, used 17477K [0x00000000c4e00000, 0x0000000100000000)
  region size 1024K, 4 young (4096K), 4 survivors (4096K)
 Metaspace       used 26228K, committed 26816K, reserved 1114112K
  class space    used 3608K, committed 3904K, reserved 1048576K
}
Event: 6.468 GC heap before
{Heap before GC invocations=7 (full 0):
 garbage-first heap   total 55296K, used 43077K [0x00000000c4e00000, 0x0000000100000000)
  region size 1024K, 30 young (30720K), 4 survivors (4096K)
 Metaspace       used 30947K, committed 31552K, reserved 1114112K
  class space    used 4208K, committed 4480K, reserved 1048576K
}
Event: 6.478 GC heap after
{Heap after GC invocations=8 (full 0):
 garbage-first heap   total 55296K, used 19302K [0x00000000c4e00000, 0x0000000100000000)
  region size 1024K, 2 young (2048K), 2 survivors (2048K)
 Metaspace       used 30947K, committed 31552K, reserved 1114112K
  class space    used 4208K, committed 4480K, reserved 1048576K
}

