# JRE version: Java(TM) SE Runtime Environment (20.0.1+9) (build 20.0.1+9-29)
# Java VM: Java HotSpot(TM) 64-Bit Server VM (20.0.1+9-29, mixed mode, emulated-client, sharing, tiered, compressed oops, compressed class ptrs, g1 gc, windows-amd64)
GC Precious Log:
 CardTable entry size: 512
 Card Set container configuration: InlinePtr #cards 5 size 8 Array Of Cards #cards 12 size 40 Howl #buckets 4 coarsen threshold 1843 Howl Bitmap #cards 512 size 80 coarsen threshold 460 Card regions per heap region 1 cards per card region 2048
 CPUs: 4 total, 4 available
 Memory: 3778M
 Large Page Support: Disabled
 NUMA Support: Disabled
 Compressed Oops: Enabled (32-bit)
 Heap Region Size: 1M
 Heap Min Capacity: 8M
 Heap Initial Capacity: 60M
 Heap Max Capacity: 946M
 Pre-touch: Disabled
 Parallel Workers: 4
 Concurrent Workers: 1
 Concurrent Refinement Workers: 4
 Periodic GC: Disabled
Heap:
 garbage-first heap   total 51200K, used 34299K [0x00000000c4e00000, 0x0000000100000000)
  region size 1024K, 21 young (21504K), 3 survivors (3072K)
 Metaspace       used 34331K, committed 34880K, reserved 1114112K
  class space    used 4663K, committed 4928K, reserved 1048576K
GC Heap History (14 events):
Event: 1.135 GC heap before
{Heap before GC invocations=0 (full 0):
 garbage-first heap   total 61440K, used 13312K [0x00000000c4e00000, 0x0000000100000000)
  region size 1024K, 13 young (13312K), 0 survivors (0K)
 Metaspace       used 4566K, committed 4736K, reserved 1114112K
  class space    used 545K, committed 640K, reserved 1048576K
}
Event: 1.143 GC heap after
{Heap after GC invocations=1 (full 0):
 garbage-first heap   total 61440K, used 6208K [0x00000000c4e00000, 0x0000000100000000)
  region size 1024K, 2 young (2048K), 2 survivors (2048K)
 Metaspace       used 4566K, committed 4736K, reserved 1114112K
  class space    used 545K, committed 640K, reserved 1048576K
}
Event: 2.139 GC heap before
{Heap before GC invocations=1 (full 0):
 garbage-first heap   total 61440K, used 18496K [0x00000000c4e00000, 0x0000000100000000)
  region size 1024K, 15 young (15360K), 2 survivors (2048K)
 Metaspace       used 8658K, committed 8896K, reserved 1114112K
  class space    used 1090K, committed 1216K, reserved 1048576K
}
Event: 2.146 GC heap after
{Heap after GC invocations=2 (full 0):
 garbage-first heap   total 61440K, used 7727K [0x00000000c4e00000, 0x0000000100000000)
  region size 1024K, 2 young (2048K), 2 survivors (2048K)
 Metaspace       used 8658K, committed 8896K, reserved 1114112K
  class space    used 1090K, committed 1216K, reserved 1048576K
}
Event: 3.276 GC heap before
{Heap before GC invocations=2 (full 0):
 garbage-first heap   total 61440K, used 33327K [0x00000000c4e00000, 0x0000000100000000)
  region size 1024K, 28 young (28672K), 2 survivors (2048K)
 Metaspace       used 14933K, committed 15232K, reserved 1114112K
  class space    used 1914K, committed 2048K, reserved 1048576K
}
Event: 3.281 GC heap after
{Heap after GC invocations=3 (full 0):
 garbage-first heap   total 61440K, used 10007K [0x00000000c4e00000, 0x0000000100000000)
  region size 1024K, 4 young (4096K), 4 survivors (4096K)
 Metaspace       used 14933K, committed 15232K, reserved 1114112K
  class space    used 1914K, committed 2048K, reserved 1048576K
}
Event: 4.473 GC heap before
{Heap before GC invocations=3 (full 0):
 garbage-first heap   total 61440K, used 41751K [0x00000000c4e00000, 0x0000000100000000)
  region size 1024K, 35 young (35840K), 4 survivors (4096K)
 Metaspace       used 19883K, committed 20224K, reserved 1114112K
  class space    used 2596K, committed 2752K, reserved 1048576K
}
Event: 4.493 GC heap after
{Heap after GC invocations=4 (full 0):
 garbage-first heap   total 61440K, used 13109K [0x00000000c4e00000, 0x0000000100000000)
  region size 1024K, 5 young (5120K), 5 survivors (5120K)
 Metaspace       used 19883K, committed 20224K, reserved 1114112K
  class space    used 2596K, committed 2752K, reserved 1048576K
}
Event: 5.002 GC heap before
{Heap before GC invocations=4 (full 0):
 garbage-first heap   total 61440K, used 22325K [0x00000000c4e00000, 0x0000000100000000)
  region size 1024K, 15 young (15360K), 5 survivors (5120K)
 Metaspace       used 21205K, committed 21504K, reserved 1114112K
  class space    used 2777K, committed 2944K, reserved 1048576K
}
Event: 5.016 GC heap after
{Heap after GC invocations=5 (full 0):
 garbage-first heap   total 61440K, used 13731K [0x00000000c4e00000, 0x0000000100000000)
  region size 1024K, 1 young (1024K), 1 survivors (1024K)
 Metaspace       used 21205K, committed 21504K, reserved 1114112K
  class space    used 2777K, committed 2944K, reserved 1048576K
}
Event: 6.074 GC heap before
{Heap before GC invocations=6 (full 0):
 garbage-first heap   total 51200K, used 43427K [0x00000000c4e00000, 0x0000000100000000)
  region size 1024K, 30 young (30720K), 1 survivors (1024K)
 Metaspace       used 26373K, committed 26816K, reserved 1114112K
  class space    used 3533K, committed 3712K, reserved 1048576K
}
Event: 6.083 GC heap after
{Heap after GC invocations=7 (full 0):
 garbage-first heap   total 51200K, used 16078K [0x00000000c4e00000, 0x0000000100000000)
  region size 1024K, 4 young (4096K), 4 survivors (4096K)
 Metaspace       used 26373K, committed 26816K, reserved 1114112K
  class space    used 3533K, committed 3712K, reserved 1048576K
}
Event: 7.046 GC heap before
{Heap before GC invocations=7 (full 0):
 garbage-first heap   total 51200K, used 39630K [0x00000000c4e00000, 0x0000000100000000)
  region size 1024K, 28 young (28672K), 4 survivors (4096K)
 Metaspace       used 30105K, committed 30656K, reserved 1114112K
  class space    used 4045K, committed 4288K, reserved 1048576K
}
Event: 7.052 GC heap after
{Heap after GC invocations=8 (full 0):
 garbage-first heap   total 51200K, used 17915K [0x00000000c4e00000, 0x0000000100000000)
  region size 1024K, 3 young (3072K), 3 survivors (3072K)
 Metaspace       used 30105K, committed 30656K, reserved 1114112K
  class space    used 4045K, committed 4288K, reserved 1048576K
}

